[1m[34m[1/8] index.qmd[39m[22m
[31m

processing file: index.qmd
[39m1/3                  
2/3 [unnamed-chunk-1]
3/3                  
[31moutput file: index.knit.md

[39m[1m[34m[2/8] 01-allometry/index.qmd[39m[22m
[31m

processing file: index.qmd
[39m1/67                   
2/67 [unnamed-chunk-1] 
3/67                   
4/67 [unnamed-chunk-2] 
5/67                   
6/67 [unnamed-chunk-3] 
7/67                   
8/67 [unnamed-chunk-4] 
9/67                   
10/67 [unnamed-chunk-5] 
11/67                   
12/67 [unnamed-chunk-6] 
13/67                   
14/67 [unnamed-chunk-7] 
15/67                   
16/67 [unnamed-chunk-8] 
17/67                   
18/67 [unnamed-chunk-9] 
19/67                   
20/67 [unnamed-chunk-10]
21/67                   
22/67 [unnamed-chunk-11]
23/67                   
24/67 [unnamed-chunk-12]
25/67                   
26/67 [unnamed-chunk-13]
27/67                   
28/67 [unnamed-chunk-14]
29/67                   
30/67 [unnamed-chunk-15]
31/67                   
32/67 [unnamed-chunk-16]
33/67                   
34/67 [unnamed-chunk-17]
35/67                   
36/67 [unnamed-chunk-18]
[31mtrying URL 'https://github.com/umr-amap/BIOMASS/raw/master/data-raw/climate_variable/E.zip'
[39m[31mContent type 'application/zip' length 31208287 bytes (29.8 MB)
[39m[31m=[39m[31m=[39m[31m=[39m[31m=[39m[31m=[39m[31m=[39m[31m=[39m[31m=[39m[31m=[39m[31m=[39m[31m=[39m[31m=[39m[31m=[39m[31m=[39m[31m=[39m[31m=[39m[31m=[39m[31m=[39m[31m=[39m[31m=[39m[31m=[39m[31m=[39m[31m=[39m[31m=[39m[31m=[39m[31m=[39m[31m=[39m[31m=[39m[31m=[39m[31m=[39m[31m=[39m[31m=[39m[31m=[39m[31m=[39m[31m=[39m[31m=[39m[31m=[39m[31m=[39m[31m=[39m[31m=[39m[31m=[39m[31m=[39m[31m=[39m[31m=[39m[31m=[39m[31m=[39m[31m=[39m[31m=[39m[31m=[39m[31m=[39m[31m
downloaded 29.8 MB

[39m37/67                   
38/67 [unnamed-chunk-19]
39/67                   
40/67 [unnamed-chunk-20]
41/67                   
42/67 [unnamed-chunk-21]
43/67                   
44/67 [unnamed-chunk-22]
[31mError in dev.off() : 
  QuartzBitmap_Output - unable to open file 'index_files/figure-docx/unnamed-chunk-22-1.png'
Calls: .main ... <Anonymous> -> in_base_dir -> in_dir -> plot2dev -> dev.off
[39m[31m
Quitting from index.qmd:929-965 [unnamed-chunk-22]
[39m[31mExecution halted
[39m